<?xml version="1.0" encoding="UTF-8"?>
<!-- Generated by org.testng.reporters.JUnitXMLReporter -->
<testsuite ignored="0" hostname="SweetHome" failures="0" tests="6" name="Surefire test" time="8.645" errors="0" timestamp="2023-07-21T20:49:30 IST">
  <testcase classname="automation.AutoTest" name="demo3" time="0.007"/>
  <testcase classname="automation.AutoTest" name="demo4" time="0.001"/>
  <testcase classname="automation.RoboTest" name="demo5" time="0.001"/>
  <testcase classname="automation.RoboTest" name="demo6" time="0.0"/>
  <testcase classname="automation.SeleTest" name="demo1" time="8.571"/>
  <testcase classname="automation.SeleTest" name="demo2" time="0.001"/>
</testsuite> <!-- Surefire test -->
