<?xml version="1.0" encoding="UTF-8"?>
<testng-results ignored="0" total="6" passed="6" failed="0" skipped="0">
  <reporter-output>
  </reporter-output>
  <suite started-at="2023-07-21T20:49:21 IST" name="Surefire suite" finished-at="2023-07-21T20:49:30 IST" duration-ms="8645">
    <groups>
    </groups>
    <test started-at="2023-07-21T20:49:21 IST" name="Surefire test" finished-at="2023-07-21T20:49:30 IST" duration-ms="8645">
      <class name="automation.SeleTest">
        <test-method signature="demo1()[pri:0, instance:automation.SeleTest@1b6e1eff]" started-at="2023-07-21T20:49:21 IST" name="demo1" finished-at="2023-07-21T20:49:29 IST" duration-ms="8571" status="PASS">
          <reporter-output>
          </reporter-output>
        </test-method> <!-- demo1 -->
        <test-method signature="demo2()[pri:0, instance:automation.SeleTest@1b6e1eff]" started-at="2023-07-21T20:49:30 IST" name="demo2" finished-at="2023-07-21T20:49:30 IST" duration-ms="1" status="PASS">
          <reporter-output>
          </reporter-output>
        </test-method> <!-- demo2 -->
      </class> <!-- automation.SeleTest -->
      <class name="automation.RoboTest">
        <test-method signature="demo5()[pri:0, instance:automation.RoboTest@1a4013]" started-at="2023-07-21T20:49:21 IST" name="demo5" finished-at="2023-07-21T20:49:21 IST" duration-ms="1" status="PASS">
          <reporter-output>
          </reporter-output>
        </test-method> <!-- demo5 -->
        <test-method signature="demo6()[pri:0, instance:automation.RoboTest@1a4013]" started-at="2023-07-21T20:49:21 IST" name="demo6" finished-at="2023-07-21T20:49:21 IST" duration-ms="0" status="PASS">
          <reporter-output>
          </reporter-output>
        </test-method> <!-- demo6 -->
      </class> <!-- automation.RoboTest -->
      <class name="automation.AutoTest">
        <test-method signature="demo3()[pri:0, instance:automation.AutoTest@41fecb8b]" started-at="2023-07-21T20:49:21 IST" name="demo3" finished-at="2023-07-21T20:49:21 IST" duration-ms="7" status="PASS">
          <reporter-output>
          </reporter-output>
        </test-method> <!-- demo3 -->
        <test-method signature="demo4()[pri:0, instance:automation.AutoTest@41fecb8b]" started-at="2023-07-21T20:49:21 IST" name="demo4" finished-at="2023-07-21T20:49:21 IST" duration-ms="1" status="PASS">
          <reporter-output>
          </reporter-output>
        </test-method> <!-- demo4 -->
      </class> <!-- automation.AutoTest -->
    </test> <!-- Surefire test -->
  </suite> <!-- Surefire suite -->
</testng-results>
